<?xml version="1.0" encoding="utf-8"?><testsuites><testsuite errors="0" failures="0" hostname="floki" name="pytest" skipped="0" tests="2" time="7.890" timestamp="2020-07-31T23:43:28.634597"><testcase classname="test_selenium" name="test_page[license-about:license-Mozilla\\ Public\\ License\\ 2\\.0]" time="3.523"></testcase><testcase classname="test_selenium" name="test_page[support-about:support-&lt;td id=&quot;version-box&quot;&gt;\\s*68\\.9\\.0esr\\s*&lt;/td&gt;]" time="4.313"></testcase></testsuite></testsuites>